<?xml version="1.0" encoding="UTF-8"?>
<testsuite xmlns:xsi="http://www.w3.org/2001/XMLSchema-instance" xsi:noNamespaceSchemaLocation="https://maven.apache.org/surefire/maven-surefire-plugin/xsd/surefire-test-report-3.0.xsd" version="3.0" name="CarritoTest" time="0.136" tests="15" errors="0" skipped="0" failures="6">
  <properties>
[...]
</properties>
  <testcase name="testSubtotalCantidadUno" classname="CarritoTest" time="0.037"/>
  <testcase name="testEnvioSubtotalMayor100" classname="CarritoTest" time="0.002"/>
  <testcase name="testDescuentoNegativoLanzaExcepcion" classname="CarritoTest" time="0.017">
    <failure message="Un descuento negativo debe lanzar IllegalArgumentException ==&gt; Expected java.lang.IllegalArgumentException to be thrown, but nothing was thrown." type="org.opentest4j.AssertionFailedError"><![CDATA[org.opentest4j.AssertionFailedError: Un descuento negativo debe lanzar IllegalArgumentException ==> Expected java.lang.IllegalArgumentException to be thrown, but nothing was thrown.
	at org.junit.jupiter.api.AssertionFailureBuilder.build(AssertionFailureBuilder.java:152)
	at org.junit.jupiter.api.AssertThrows.assertThrows(AssertThrows.java:73)
	at org.junit.jupiter.api.AssertThrows.assertThrows(AssertThrows.java:39)
	at org.junit.jupiter.api.Assertions.assertThrows(Assertions.java:3131)
	at CarritoTest.testDescuentoNegativoLanzaExcepcion(CarritoTest.java:74)
	at java.base/java.lang.reflect.Method.invoke(Method.java:569)
	at java.base/java.util.ArrayList.forEach(ArrayList.java:1511)
	at java.base/java.util.ArrayList.forEach(ArrayList.java:1511)
]]></failure>
  </testcase>
  <testcase name="testTotalSinDescuentoConEnvio" classname="CarritoTest" time="0.001"/>
  <testcase name="testSubtotalCarritoVacio" classname="CarritoTest" time="0.002"/>
  <testcase name="testTotalConDescuentoEnvioGratis" classname="CarritoTest" time="0.004">
    <failure message="Total con 10% descuento sobre 70€ más 5€ de envío debe ser 68€ ==&gt; expected: &lt;68.0&gt; but was: &lt;41.0&gt;" type="org.opentest4j.AssertionFailedError"><![CDATA[org.opentest4j.AssertionFailedError: Total con 10% descuento sobre 70€ más 5€ de envío debe ser 68€ ==> expected: <68.0> but was: <41.0>
	at org.junit.jupiter.api.AssertionFailureBuilder.build(AssertionFailureBuilder.java:151)
	at org.junit.jupiter.api.AssertionFailureBuilder.buildAndThrow(AssertionFailureBuilder.java:132)
	at org.junit.jupiter.api.AssertEquals.failNotEqual(AssertEquals.java:197)
	at org.junit.jupiter.api.AssertEquals.assertEquals(AssertEquals.java:86)
	at org.junit.jupiter.api.Assertions.assertEquals(Assertions.java:1024)
	at CarritoTest.testTotalConDescuentoEnvioGratis(CarritoTest.java:120)
	at java.base/java.lang.reflect.Method.invoke(Method.java:569)
	at java.base/java.util.ArrayList.forEach(ArrayList.java:1511)
	at java.base/java.util.ArrayList.forEach(ArrayList.java:1511)
]]></failure>
  </testcase>
  <testcase name="testDescuentoValido" classname="CarritoTest" time="0.001"/>
  <testcase name="testDescuentoMayorDe100LanzaExcepcion" classname="CarritoTest" time="0.003">
    <failure message="Un descuento mayor de 100 debe lanzar IllegalArgumentException ==&gt; Expected java.lang.IllegalArgumentException to be thrown, but nothing was thrown." type="org.opentest4j.AssertionFailedError"><![CDATA[org.opentest4j.AssertionFailedError: Un descuento mayor de 100 debe lanzar IllegalArgumentException ==> Expected java.lang.IllegalArgumentException to be thrown, but nothing was thrown.
	at org.junit.jupiter.api.AssertionFailureBuilder.build(AssertionFailureBuilder.java:152)
	at org.junit.jupiter.api.AssertThrows.assertThrows(AssertThrows.java:73)
	at org.junit.jupiter.api.AssertThrows.assertThrows(AssertThrows.java:39)
	at org.junit.jupiter.api.Assertions.assertThrows(Assertions.java:3131)
	at CarritoTest.testDescuentoMayorDe100LanzaExcepcion(CarritoTest.java:80)
	at java.base/java.lang.reflect.Method.invoke(Method.java:569)
	at java.base/java.util.ArrayList.forEach(ArrayList.java:1511)
	at java.base/java.util.ArrayList.forEach(ArrayList.java:1511)
]]></failure>
  </testcase>
  <testcase name="testSubtotalUnProducto" classname="CarritoTest" time="0.002">
    <failure message="El subtotal de un producto debe ser precio * cantidad ==&gt; expected: &lt;600.0&gt; but was: &lt;200.0&gt;" type="org.opentest4j.AssertionFailedError"><![CDATA[org.opentest4j.AssertionFailedError: El subtotal de un producto debe ser precio * cantidad ==> expected: <600.0> but was: <200.0>
	at org.junit.jupiter.api.AssertionFailureBuilder.build(AssertionFailureBuilder.java:151)
	at org.junit.jupiter.api.AssertionFailureBuilder.buildAndThrow(AssertionFailureBuilder.java:132)
	at org.junit.jupiter.api.AssertEquals.failNotEqual(AssertEquals.java:197)
	at org.junit.jupiter.api.AssertEquals.assertEquals(AssertEquals.java:86)
	at org.junit.jupiter.api.Assertions.assertEquals(Assertions.java:1024)
	at CarritoTest.testSubtotalUnProducto(CarritoTest.java:38)
	at java.base/java.lang.reflect.Method.invoke(Method.java:569)
	at java.base/java.util.ArrayList.forEach(ArrayList.java:1511)
	at java.base/java.util.ArrayList.forEach(ArrayList.java:1511)
]]></failure>
  </testcase>
  <testcase name="testSubtotalVariosProductos" classname="CarritoTest" time="0.002">
    <failure message="El subtotal debe ser precio*cantidad para cada producto sumado ==&gt; expected: &lt;70.0&gt; but was: &lt;40.0&gt;" type="org.opentest4j.AssertionFailedError"><![CDATA[org.opentest4j.AssertionFailedError: El subtotal debe ser precio*cantidad para cada producto sumado ==> expected: <70.0> but was: <40.0>
	at org.junit.jupiter.api.AssertionFailureBuilder.build(AssertionFailureBuilder.java:151)
	at org.junit.jupiter.api.AssertionFailureBuilder.buildAndThrow(AssertionFailureBuilder.java:132)
	at org.junit.jupiter.api.AssertEquals.failNotEqual(AssertEquals.java:197)
	at org.junit.jupiter.api.AssertEquals.assertEquals(AssertEquals.java:86)
	at org.junit.jupiter.api.Assertions.assertEquals(Assertions.java:1024)
	at CarritoTest.testSubtotalVariosProductos(CarritoTest.java:31)
	at java.base/java.lang.reflect.Method.invoke(Method.java:569)
	at java.base/java.util.ArrayList.forEach(ArrayList.java:1511)
	at java.base/java.util.ArrayList.forEach(ArrayList.java:1511)
]]></failure>
  </testcase>
  <testcase name="testDescuentoCienPorciento" classname="CarritoTest" time="0.001"/>
  <testcase name="testDescuentoCero" classname="CarritoTest" time="0.0"/>
  <testcase name="testTotalEnvioGratis" classname="CarritoTest" time="0.001"/>
  <testcase name="testEnvioSubtotalExactamente100" classname="CarritoTest" time="0.002">
    <failure message="Un subtotal de exactamente 100€ debe tener envío gratis ==&gt; expected: &lt;0.0&gt; but was: &lt;5.0&gt;" type="org.opentest4j.AssertionFailedError"><![CDATA[org.opentest4j.AssertionFailedError: Un subtotal de exactamente 100€ debe tener envío gratis ==> expected: <0.0> but was: <5.0>
	at org.junit.jupiter.api.AssertionFailureBuilder.build(AssertionFailureBuilder.java:151)
	at org.junit.jupiter.api.AssertionFailureBuilder.buildAndThrow(AssertionFailureBuilder.java:132)
	at org.junit.jupiter.api.AssertEquals.failNotEqual(AssertEquals.java:197)
	at org.junit.jupiter.api.AssertEquals.assertEquals(AssertEquals.java:86)
	at org.junit.jupiter.api.Assertions.assertEquals(Assertions.java:1024)
	at CarritoTest.testEnvioSubtotalExactamente100(CarritoTest.java:94)
	at java.base/java.lang.reflect.Method.invoke(Method.java:569)
	at java.base/java.util.ArrayList.forEach(ArrayList.java:1511)
	at java.base/java.util.ArrayList.forEach(ArrayList.java:1511)
]]></failure>
  </testcase>
  <testcase name="testEnvioSubtotalMenor100" classname="CarritoTest" time="0.001"/>
</testsuite>